<?xml version="1.0" encoding="UTF-8"?>
<!-- Generated by org.testng.reporters.JUnitReportReporter -->
<testsuite hostname="AGI018865" failures="0" tests="3" name="com.agi.mobile.suites.sanitypack.Sanity_Suite" time="78.881" errors="0" timestamp="2025-07-28T17:06:34 GST" skipped="0">
  <testcase classname="com.agi.mobile.suites.sanitypack.Sanity_Suite" name="loginValidDriverID" time="44.143"/>
  <testcase classname="com.agi.mobile.suites.sanitypack.Sanity_Suite" name="loginInvalidDriverID" time="10.969"/>
  <testcase classname="com.agi.mobile.suites.sanitypack.Sanity_Suite" name="loginInvalidOtp" time="23.769"/>
</testsuite> <!-- com.agi.mobile.suites.sanitypack.Sanity_Suite -->
