<?xml version="1.0" encoding="UTF-8"?>
<!-- Generated by org.testng.reporters.JUnitReportReporter -->
<testsuite hostname="AGI018865" failures="0" tests="1" name="com.agi.api.login.TC02_API_LoginInvalid" time="0.664" errors="1" timestamp="2025-08-05T13:13:07 GST" skipped="0">
  <testcase classname="com.agi.api.login.TC02_API_LoginInvalid" name="apiLoginInvalid" time="0.664">
    <error message="Cannot invoke &quot;java.lang.CharSequence.toString()&quot; because &quot;replacement&quot; is null" type="java.lang.NullPointerException">
      <![CDATA[java.lang.NullPointerException: Cannot invoke "java.lang.CharSequence.toString()" because "replacement" is null
at java.base/java.lang.String.replace(String.java:3086)
at com.agi.api.repo.LoginAPI.login(LoginAPI.java:30)
at com.agi.api.login.TC02_API_LoginInvalid.apiLoginInvalid(TC02_API_LoginInvalid.java:19)
at java.base/jdk.internal.reflect.DirectMethodHandleAccessor.invoke(DirectMethodHandleAccessor.java:103)
at java.base/java.lang.reflect.Method.invoke(Method.java:580)
at org.testng.internal.invokers.MethodInvocationHelper.invokeMethod(MethodInvocationHelper.java:139)
at org.testng.internal.invokers.TestInvoker.invokeMethod(TestInvoker.java:664)
at org.testng.internal.invokers.TestInvoker.invokeTestMethod(TestInvoker.java:227)
at org.testng.internal.invokers.MethodRunner.runInSequence(MethodRunner.java:50)
at org.testng.internal.invokers.TestInvoker$MethodInvocationAgent.invoke(TestInvoker.java:957)
at org.testng.internal.invokers.TestInvoker.invokeTestMethods(TestInvoker.java:200)
at org.testng.internal.invokers.TestMethodWorker.invokeTestMethods(TestMethodWorker.java:148)
at org.testng.internal.invokers.TestMethodWorker.run(TestMethodWorker.java:128)
at java.base/java.util.concurrent.ThreadPoolExecutor.runWorker(ThreadPoolExecutor.java:1144)
at java.base/java.util.concurrent.ThreadPoolExecutor$Worker.run(ThreadPoolExecutor.java:642)
at java.base/java.lang.Thread.run(Thread.java:1583)
]]>
    </error>
  </testcase> <!-- apiLoginInvalid -->
</testsuite> <!-- com.agi.api.login.TC02_API_LoginInvalid -->
