<?xml version="1.0" encoding="UTF-8"?>
<!-- Generated by org.testng.reporters.JUnitReportReporter -->
<testsuite hostname="AGI018865" failures="0" tests="1" name="com.agi.mobile.login.TC01_Mobile_LoginValid" time="25.998" errors="0" timestamp="2025-07-17T14:48:17 GST" skipped="0">
  <testcase classname="com.agi.mobile.login.TC01_Mobile_LoginValid" name="mobileLoginValid" time="25.998"/>
</testsuite> <!-- com.agi.mobile.login.TC01_Mobile_LoginValid -->
