<?xml version="1.0" encoding="UTF-8"?>
<!-- Generated by org.testng.reporters.JUnitReportReporter -->
<testsuite hostname="AGI018865" failures="0" tests="1" name="com.agi.mobile.login.TC01_Mobile_LoginValid" time="119.578" errors="1" timestamp="2025-07-21T11:10:44 GST" skipped="0">
  <testcase classname="com.agi.mobile.login.TC01_Mobile_LoginValid" name="mobileLoginValid" time="119.578">
    <error message="Expected condition failed: waiting for visibility of element located by By.xpath: //android.widget.TextView[@text=&#039;Enter OrangeHRM URL&#039;] (tried for 100 second(s) with 500 milliseconds interval)
Build info: version: &#039;4.15.0&#039;, revision: &#039;1d14b5521b&#039;
System info: os.name: &#039;Windows 11&#039;, os.arch: &#039;amd64&#039;, os.version: &#039;10.0&#039;, java.version: &#039;21.0.7&#039;
Driver info: io.appium.java_client.android.AndroidDriver
Capabilities {appium:appActivity: com.buddysapp.MainActivity, appium:appPackage: com.buddysapp.dev.revamp, appium:autoGrantPermissions: true, appium:automationName: UiAutomator2, appium:databaseEnabled: false, appium:desired: {appActivity: com.buddysapp.MainActivity, appPackage: com.buddysapp.dev.revamp, autoGrantPermissions: true, automationName: UiAutomator2, deviceName: RFCT20FMQYN, newCommandTimeout: 100000, platformName: ANDROID}, appium:deviceApiLevel: 33, appium:deviceManufacturer: samsung, appium:deviceModel: SM-N981B, appium:deviceName: RFCT20FMQYN, appium:deviceScreenDensity: 450, appium:deviceScreenSize: 1080x2400, appium:deviceUDID: RFCT20FMQYN, appium:javascriptEnabled: true, appium:locationContextEnabled: false, appium:networkConnectionEnabled: true, appium:newCommandTimeout: 100000, appium:pixelRatio: 2.8125, appium:platformVersion: 13, appium:statBarHeight: 92, appium:takesScreenshot: true, appium:viewportRect: {height: 2308, left: 0, top: 92, width: 1080}, appium:warnings: {}, appium:webStorageEnabled: false, platformName: ANDROID}
Session ID: c79ce07a-3579-48cc-bdbe-3e8bcc0b93ab" type="org.openqa.selenium.TimeoutException">
      <![CDATA[org.openqa.selenium.TimeoutException: Expected condition failed: waiting for visibility of element located by By.xpath: //android.widget.TextView[@text='Enter OrangeHRM URL'] (tried for 100 second(s) with 500 milliseconds interval)
Build info: version: '4.15.0', revision: '1d14b5521b'
System info: os.name: 'Windows 11', os.arch: 'amd64', os.version: '10.0', java.version: '21.0.7'
Driver info: io.appium.java_client.android.AndroidDriver
Capabilities {appium:appActivity: com.buddysapp.MainActivity, appium:appPackage: com.buddysapp.dev.revamp, appium:autoGrantPermissions: true, appium:automationName: UiAutomator2, appium:databaseEnabled: false, appium:desired: {appActivity: com.buddysapp.MainActivity, appPackage: com.buddysapp.dev.revamp, autoGrantPermissions: true, automationName: UiAutomator2, deviceName: RFCT20FMQYN, newCommandTimeout: 100000, platformName: ANDROID}, appium:deviceApiLevel: 33, appium:deviceManufacturer: samsung, appium:deviceModel: SM-N981B, appium:deviceName: RFCT20FMQYN, appium:deviceScreenDensity: 450, appium:deviceScreenSize: 1080x2400, appium:deviceUDID: RFCT20FMQYN, appium:javascriptEnabled: true, appium:locationContextEnabled: false, appium:networkConnectionEnabled: true, appium:newCommandTimeout: 100000, appium:pixelRatio: 2.8125, appium:platformVersion: 13, appium:statBarHeight: 92, appium:takesScreenshot: true, appium:viewportRect: {height: 2308, left: 0, top: 92, width: 1080}, appium:warnings: {}, appium:webStorageEnabled: false, platformName: ANDROID}
Session ID: c79ce07a-3579-48cc-bdbe-3e8bcc0b93ab
at org.openqa.selenium.support.ui.WebDriverWait.timeoutException(WebDriverWait.java:84)
at org.openqa.selenium.support.ui.FluentWait.until(FluentWait.java:229)
at com.alghurair.mobile.Mobile.waitUntilVisibilityOfElement(Mobile.java:178)
at com.agi.mobile.pages.HomePage.waitForPageLoad(HomePage.java:44)
at com.agi.mobile.login.TC01_Mobile_LoginValid.mobileLoginValid(TC01_Mobile_LoginValid.java:14)
at java.base/jdk.internal.reflect.DirectMethodHandleAccessor.invoke(DirectMethodHandleAccessor.java:103)
at java.base/java.lang.reflect.Method.invoke(Method.java:580)
at org.testng.internal.invokers.MethodInvocationHelper.invokeMethod(MethodInvocationHelper.java:139)
at org.testng.internal.invokers.TestInvoker.invokeMethod(TestInvoker.java:664)
at org.testng.internal.invokers.TestInvoker.invokeTestMethod(TestInvoker.java:227)
at org.testng.internal.invokers.MethodRunner.runInSequence(MethodRunner.java:50)
at org.testng.internal.invokers.TestInvoker$MethodInvocationAgent.invoke(TestInvoker.java:957)
at org.testng.internal.invokers.TestInvoker.invokeTestMethods(TestInvoker.java:200)
at org.testng.internal.invokers.TestMethodWorker.invokeTestMethods(TestMethodWorker.java:148)
at org.testng.internal.invokers.TestMethodWorker.run(TestMethodWorker.java:128)
at java.base/java.util.concurrent.ThreadPoolExecutor.runWorker(ThreadPoolExecutor.java:1144)
at java.base/java.util.concurrent.ThreadPoolExecutor$Worker.run(ThreadPoolExecutor.java:642)
at java.base/java.lang.Thread.run(Thread.java:1583)
]]>
    </error>
  </testcase> <!-- mobileLoginValid -->
</testsuite> <!-- com.agi.mobile.login.TC01_Mobile_LoginValid -->
