<?xml version="1.0" encoding="UTF-8"?>
<!-- Generated by org.testng.reporters.JUnitReportReporter -->
<testsuite hostname="AGI018865" failures="0" tests="3" name="com.agi.mobile.suites.sanitypack.Sanity_Suite" time="52.898" errors="1" timestamp="2025-08-13T17:04:09 GST" skipped="1">
  <testcase classname="com.agi.mobile.suites.sanitypack.Sanity_Suite" name="loginValidDriverID" time="43.412"/>
  <testcase classname="com.agi.mobile.suites.sanitypack.Sanity_Suite" name="loginInvalidOtp" time="9.486">
    <error message="OTP must be exactly 6 digits" type="java.lang.IllegalArgumentException">
      <![CDATA[java.lang.IllegalArgumentException: OTP must be exactly 6 digits
at com.agi.mobile.pages.LoginPage.enterOtp(LoginPage.java:122)
at com.agi.mobile.suites.sanitypack.Sanity_Suite.loginInvalidOtp(Sanity_Suite.java:74)
at java.base/jdk.internal.reflect.DirectMethodHandleAccessor.invoke(DirectMethodHandleAccessor.java:103)
at java.base/java.lang.reflect.Method.invoke(Method.java:580)
at org.testng.internal.invokers.MethodInvocationHelper.invokeMethod(MethodInvocationHelper.java:139)
at org.testng.internal.invokers.TestInvoker.invokeMethod(TestInvoker.java:664)
at org.testng.internal.invokers.TestInvoker.invokeTestMethod(TestInvoker.java:227)
at org.testng.internal.invokers.MethodRunner.runInSequence(MethodRunner.java:50)
at org.testng.internal.invokers.TestInvoker$MethodInvocationAgent.invoke(TestInvoker.java:957)
at org.testng.internal.invokers.TestInvoker.invokeTestMethods(TestInvoker.java:200)
at org.testng.internal.invokers.TestMethodWorker.invokeTestMethods(TestMethodWorker.java:148)
at org.testng.internal.invokers.TestMethodWorker.run(TestMethodWorker.java:128)
at java.base/java.util.concurrent.ThreadPoolExecutor.runWorker(ThreadPoolExecutor.java:1144)
at java.base/java.util.concurrent.ThreadPoolExecutor$Worker.run(ThreadPoolExecutor.java:642)
at java.base/java.lang.Thread.run(Thread.java:1583)
]]>
    </error>
  </testcase> <!-- loginInvalidOtp -->
  <testcase classname="com.agi.mobile.suites.sanitypack.Sanity_Suite" name="loginInvalidDriverID">
    <skipped/>
  </testcase> <!-- loginInvalidDriverID -->
</testsuite> <!-- com.agi.mobile.suites.sanitypack.Sanity_Suite -->
