<?xml version="1.0" encoding="UTF-8"?>
<!-- Generated by org.testng.reporters.JUnitReportReporter -->
<testsuite hostname="AGI018865" failures="0" tests="1" name="com.agi.web.login.TC01_Web_LoginValid" time="12.663" errors="0" timestamp="2025-08-13T17:04:09 GST" skipped="0">
  <testcase classname="com.agi.web.login.TC01_Web_LoginValid" name="loginValid" time="12.663"/>
</testsuite> <!-- com.agi.web.login.TC01_Web_LoginValid -->
