<?xml version="1.0" encoding="UTF-8"?>
<!-- Generated by org.testng.reporters.JUnitReportReporter -->
<testsuite hostname="AGI018865" failures="0" tests="1" name="com.agi.api.login.TC02_API_LoginInvalid" time="0.494" errors="0" timestamp="2025-08-13T17:04:09 GST" skipped="0">
  <testcase classname="com.agi.api.login.TC02_API_LoginInvalid" name="apiLoginInvalid" time="0.494"/>
</testsuite> <!-- com.agi.api.login.TC02_API_LoginInvalid -->
