<?xml version="1.0" encoding="UTF-8"?>
<!-- Generated by org.testng.reporters.JUnitReportReporter -->
<testsuite hostname="AGI018865" failures="0" tests="1" name="com.agi.api.login.TC01_API_LoginValid" time="1.345" errors="0" timestamp="2025-07-17T12:59:35 GST" skipped="0">
  <testcase classname="com.agi.api.login.TC01_API_LoginValid" name="apiLoginValid" time="1.345"/>
</testsuite> <!-- com.agi.api.login.TC01_API_LoginValid -->
