<?xml version="1.0" encoding="UTF-8"?>
<!-- Generated by org.testng.reporters.JUnitReportReporter -->
<testsuite hostname="AGI018865" failures="0" tests="3" name="com.agi.mobile.suites.sanitypack.Sanity_Suite" time="182.630" errors="1" timestamp="2025-08-06T10:26:43 GST" skipped="0">
  <testcase classname="com.agi.mobile.suites.sanitypack.Sanity_Suite" name="loginValidDriverID" time="45.627"/>
  <testcase classname="com.agi.mobile.suites.sanitypack.Sanity_Suite" name="loginInvalidDriverID" time="110.942">
    <error message="Expected condition failed: waiting for visibility of element located by By.xpath: //android.widget.TextView[@text=&quot;User does not exist&quot;] (tried for 100 second(s) with 500 milliseconds interval)
Build info: version: &#039;4.15.0&#039;, revision: &#039;1d14b5521b&#039;
System info: os.name: &#039;Windows 11&#039;, os.arch: &#039;amd64&#039;, os.version: &#039;10.0&#039;, java.version: &#039;21.0.7&#039;
Driver info: io.appium.java_client.android.AndroidDriver
Capabilities {appium:appActivity: com.buddysapp.MainActivity, appium:appPackage: com.buddysapp.dev.revamp, appium:autoAcceptAlerts: true, appium:autoDismissAlerts: true, appium:autoGrantPermissions: true, appium:automationName: UiAutomator2, appium:databaseEnabled: false, appium:desired: {appActivity: com.buddysapp.MainActivity, appPackage: com.buddysapp.dev.revamp, autoAcceptAlerts: true, autoDismissAlerts: true, autoGrantPermissions: true, automationName: UiAutomator2, deviceName: RFCT20FMQYN, fullReset: false, newCommandTimeout: 100000, noReset: true, platformName: ANDROID, unicodeKeyboard: true}, appium:deviceApiLevel: 33, appium:deviceManufacturer: samsung, appium:deviceModel: SM-N981B, appium:deviceName: RFCT20FMQYN, appium:deviceScreenDensity: 450, appium:deviceScreenSize: 1080x2400, appium:deviceUDID: RFCT20FMQYN, appium:fullReset: false, appium:javascriptEnabled: true, appium:locationContextEnabled: false, appium:networkConnectionEnabled: true, appium:newCommandTimeout: 100000, appium:noReset: true, appium:pixelRatio: 2.8125, appium:platformVersion: 13, appium:statBarHeight: 92, appium:takesScreenshot: true, appium:unicodeKeyboard: true, appium:viewportRect: {height: 2308, left: 0, top: 92, width: 1080}, appium:warnings: {}, appium:webStorageEnabled: false, platformName: ANDROID}
Session ID: c7101d4a-88fb-4d00-a742-257d4d78fe5e" type="org.openqa.selenium.TimeoutException">
      <![CDATA[org.openqa.selenium.TimeoutException: Expected condition failed: waiting for visibility of element located by By.xpath: //android.widget.TextView[@text="User does not exist"] (tried for 100 second(s) with 500 milliseconds interval)
Build info: version: '4.15.0', revision: '1d14b5521b'
System info: os.name: 'Windows 11', os.arch: 'amd64', os.version: '10.0', java.version: '21.0.7'
Driver info: io.appium.java_client.android.AndroidDriver
Capabilities {appium:appActivity: com.buddysapp.MainActivity, appium:appPackage: com.buddysapp.dev.revamp, appium:autoAcceptAlerts: true, appium:autoDismissAlerts: true, appium:autoGrantPermissions: true, appium:automationName: UiAutomator2, appium:databaseEnabled: false, appium:desired: {appActivity: com.buddysapp.MainActivity, appPackage: com.buddysapp.dev.revamp, autoAcceptAlerts: true, autoDismissAlerts: true, autoGrantPermissions: true, automationName: UiAutomator2, deviceName: RFCT20FMQYN, fullReset: false, newCommandTimeout: 100000, noReset: true, platformName: ANDROID, unicodeKeyboard: true}, appium:deviceApiLevel: 33, appium:deviceManufacturer: samsung, appium:deviceModel: SM-N981B, appium:deviceName: RFCT20FMQYN, appium:deviceScreenDensity: 450, appium:deviceScreenSize: 1080x2400, appium:deviceUDID: RFCT20FMQYN, appium:fullReset: false, appium:javascriptEnabled: true, appium:locationContextEnabled: false, appium:networkConnectionEnabled: true, appium:newCommandTimeout: 100000, appium:noReset: true, appium:pixelRatio: 2.8125, appium:platformVersion: 13, appium:statBarHeight: 92, appium:takesScreenshot: true, appium:unicodeKeyboard: true, appium:viewportRect: {height: 2308, left: 0, top: 92, width: 1080}, appium:warnings: {}, appium:webStorageEnabled: false, platformName: ANDROID}
Session ID: c7101d4a-88fb-4d00-a742-257d4d78fe5e
at org.openqa.selenium.support.ui.WebDriverWait.timeoutException(WebDriverWait.java:84)
at org.openqa.selenium.support.ui.FluentWait.until(FluentWait.java:229)
at com.alghurair.mobile.Mobile.waitUntilVisibilityOfElement(Mobile.java:179)
at com.agi.mobile.pages.LoginPage.validateInvalidDriverLogin(LoginPage.java:112)
at com.agi.mobile.suites.sanitypack.Sanity_Suite.loginInvalidDriverID(Sanity_Suite.java:56)
at java.base/jdk.internal.reflect.DirectMethodHandleAccessor.invoke(DirectMethodHandleAccessor.java:103)
at java.base/java.lang.reflect.Method.invoke(Method.java:580)
at org.testng.internal.invokers.MethodInvocationHelper.invokeMethod(MethodInvocationHelper.java:139)
at org.testng.internal.invokers.TestInvoker.invokeMethod(TestInvoker.java:664)
at org.testng.internal.invokers.TestInvoker.invokeTestMethod(TestInvoker.java:227)
at org.testng.internal.invokers.MethodRunner.runInSequence(MethodRunner.java:50)
at org.testng.internal.invokers.TestInvoker$MethodInvocationAgent.invoke(TestInvoker.java:957)
at org.testng.internal.invokers.TestInvoker.invokeTestMethods(TestInvoker.java:200)
at org.testng.internal.invokers.TestMethodWorker.invokeTestMethods(TestMethodWorker.java:148)
at org.testng.internal.invokers.TestMethodWorker.run(TestMethodWorker.java:128)
at java.base/java.util.concurrent.ThreadPoolExecutor.runWorker(ThreadPoolExecutor.java:1144)
at java.base/java.util.concurrent.ThreadPoolExecutor$Worker.run(ThreadPoolExecutor.java:642)
at java.base/java.lang.Thread.run(Thread.java:1583)
]]>
    </error>
  </testcase> <!-- loginInvalidDriverID -->
  <testcase classname="com.agi.mobile.suites.sanitypack.Sanity_Suite" name="loginInvalidOtp" time="26.061"/>
</testsuite> <!-- com.agi.mobile.suites.sanitypack.Sanity_Suite -->
