<?xml version="1.0" encoding="UTF-8"?>
<!-- Generated by org.testng.reporters.JUnitReportReporter -->
<testsuite hostname="AGI018865" failures="0" tests="3" name="com.agi.mobile.suites.sanitypack.Sanity_Suite" time="46.394" errors="0" timestamp="2025-08-13T11:22:39 GST" skipped="2">
  <testcase classname="com.agi.mobile.suites.sanitypack.Sanity_Suite" name="loginValidDriverID" time="46.394"/>
  <testcase classname="com.agi.mobile.suites.sanitypack.Sanity_Suite" name="loginInvalidOtp">
    <skipped/>
  </testcase> <!-- loginInvalidOtp -->
  <testcase classname="com.agi.mobile.suites.sanitypack.Sanity_Suite" name="loginInvalidDriverID">
    <skipped/>
  </testcase> <!-- loginInvalidDriverID -->
</testsuite> <!-- com.agi.mobile.suites.sanitypack.Sanity_Suite -->
