<?xml version="1.0" encoding="UTF-8"?>
<!-- Generated by org.testng.reporters.JUnitReportReporter -->
<testsuite hostname="AGI018865" failures="0" tests="3" name="com.agi.mobile.suites.TC01_Mobile_LoginValid" time="78.183" errors="0" timestamp="2025-07-28T13:27:42 GST" skipped="0">
  <testcase classname="com.agi.mobile.suites.TC01_Mobile_LoginValid" name="loginValidDriverID" time="44.687"/>
  <testcase classname="com.agi.mobile.suites.TC01_Mobile_LoginValid" name="loginInvalidDriverID" time="10.424"/>
  <testcase classname="com.agi.mobile.suites.TC01_Mobile_LoginValid" name="loginInvalidOtp" time="23.072"/>
</testsuite> <!-- com.agi.mobile.suites.TC01_Mobile_LoginValid -->
